<?xml version="1.0" encoding="UTF-8"?>
<!-- Generated by org.testng.reporters.JUnitReportReporter -->
<testsuite hostname="PC-f7ad11" failures="0" tests="1" name="customer.DeleteCustomer" time="2.053" errors="0" timestamp="2024-07-01T11:56:50 IST" skipped="0">
  <testcase classname="customer.DeleteCustomer" name="deletecust" time="2.053"/>
  <system-out/>
</testsuite> <!-- customer.DeleteCustomer -->
