<?xml version="1.0" encoding="UTF-8"?>
<!-- Generated by org.testng.reporters.JUnitReportReporter -->
<testsuite hostname="PC-f7ad11" failures="0" tests="1" name="customer.CreateCustomer" time="0.000" errors="0" timestamp="2024-07-08T12:14:00 IST" skipped="1">
  <testcase classname="customer.CreateCustomer" name="createcustomer" time="0.000">
    <skipped/>
  </testcase> <!-- createcustomer -->
  <system-out/>
</testsuite> <!-- customer.CreateCustomer -->
